#
# There is insufficient memory for the Java Runtime Environment to continue.
# Native memory allocation (malloc) failed to allocate 32744 bytes for Chunk::new
# Possible reasons:
#   The system is out of physical RAM or swap space
#   The process is running with CompressedOops enabled, and the Java Heap may be blocking the growth of the native heap
# Possible solutions:
#   Reduce memory load on the system
#   Increase physical memory or swap space
#   Check if swap backing store is full
#   Decrease Java heap size (-Xmx/-Xms)
#   Decrease number of Java threads
#   Decrease Java thread stack sizes (-Xss)
#   Set larger code cache with -XX:ReservedCodeCacheSize=
#   JVM is running with Unscaled Compressed Oops mode in which the Java heap is
#     placed in the first 4GB address space. The Java Heap base address is the
#     maximum limit for the native heap growth. Please use -XX:HeapBaseMinAddress
#     to set the Java Heap base and to place the Java Heap above 4GB virtual address.
# This output file may be truncated or incomplete.
#
#  Out of Memory Error (arena.cpp:184), pid=21980, tid=11576
#
# JRE version: OpenJDK Runtime Environment (20.0.1+9) (build 20.0.1+9-29)
# Java VM: OpenJDK 64-Bit Server VM (20.0.1+9-29, mixed mode, emulated-client, sharing, tiered, compressed oops, compressed class ptrs, g1 gc, windows-amd64)
# No core dump will be written. Minidumps are not enabled by default on client versions of Windows
#

---------------  S U M M A R Y ------------

Command Line: -XX:TieredStopAtLevel=1 -Dspring.output.ansi.enabled=always -Dcom.sun.management.jmxremote -Dspring.jmx.enabled=true -Dspring.liveBeansView.mbeanDomain -Dspring.application.admin.enabled=true -javaagent:V:\Program Files (x86)\JetBrains\IntelliJ IDEA 2022.2.2\lib\idea_rt.jar=64352:V:\Program Files (x86)\JetBrains\IntelliJ IDEA 2022.2.2\bin -Dfile.encoding=UTF-8 -Dsun.stdout.encoding=UTF-8 -Dsun.stderr.encoding=UTF-8 com.habittracker.tracker.TrackerApplication

Host: Intel(R) Core(TM) i5-3450 CPU @ 3.10GHz, 4 cores, 7G,  Windows 10 , 64 bit Build 19041 (10.0.19041.1503)
Time: Sat Aug  5 15:48:34 2023 GMT Summer Time elapsed time: 12.414836 seconds (0d 0h 0m 12s)

---------------  T H R E A D  ---------------

Current thread (0x0000023a73d140b0):  JavaThread "C1 CompilerThread1" daemon [_thread_in_native, id=11576, stack(0x0000006a3a900000,0x0000006a3aa00000)]


Current CompileTask:
C1:  12414 1193       1       java.io.StreamTokenizer::nextToken (1266 bytes)

Stack: [0x0000006a3a900000,0x0000006a3aa00000]
Native frames: (J=compiled Java code, j=interpreted, Vv=VM code, C=native code)
V  [jvm.dll+0x6bb95a]
V  [jvm.dll+0x8485fa]
V  [jvm.dll+0x84a1f5]
V  [jvm.dll+0x84a8f3]
V  [jvm.dll+0x280b0f]
V  [jvm.dll+0xc2b11]
V  [jvm.dll+0xc2e35]
V  [jvm.dll+0x1413fe]
V  [jvm.dll+0x1407b7]
V  [jvm.dll+0x1a4e26]
V  [jvm.dll+0x1a685d]
V  [jvm.dll+0x1a5efa]
V  [jvm.dll+0x16e1db]
V  [jvm.dll+0x157f24]
V  [jvm.dll+0x1580c3]
V  [jvm.dll+0x158384]
V  [jvm.dll+0x1577c6]
V  [jvm.dll+0x1594fd]
V  [jvm.dll+0x259e1b]
V  [jvm.dll+0x2584f0]
V  [jvm.dll+0x3f2895]
V  [jvm.dll+0x7f4b56]
V  [jvm.dll+0x6ba5cb]
C  [ucrtbase.dll+0x21bb2]
C  [KERNEL32.DLL+0x17034]
C  [ntdll.dll+0x52651]


---------------  P R O C E S S  ---------------

Threads class SMR info:
_java_thread_list=0x0000023a73eb8760, length=14, elements={
0x0000023a5f6bdb20, 0x0000023a6f70bc20, 0x0000023a6f70d9d0, 0x0000023a6f718f80,
0x0000023a6f719bd0, 0x0000023a6f71abc0, 0x0000023a6f71c650, 0x0000023a6f71fc70,
0x0000023a6f71a120, 0x0000023a73d140b0, 0x0000023a6f71a670, 0x0000023a6f71b110,
0x0000023a73eaec10, 0x0000023a6f71c100
}

Java Threads: ( => current thread )
  0x0000023a5f6bdb20 JavaThread "main" [_thread_in_vm, id=22072, stack(0x0000006a39a00000,0x0000006a39b00000)]
  0x0000023a6f70bc20 JavaThread "Reference Handler" daemon [_thread_blocked, id=4424, stack(0x0000006a3a100000,0x0000006a3a200000)]
  0x0000023a6f70d9d0 JavaThread "Finalizer" daemon [_thread_blocked, id=17912, stack(0x0000006a3a200000,0x0000006a3a300000)]
  0x0000023a6f718f80 JavaThread "Signal Dispatcher" daemon [_thread_blocked, id=1680, stack(0x0000006a3a300000,0x0000006a3a400000)]
  0x0000023a6f719bd0 JavaThread "Attach Listener" daemon [_thread_blocked, id=20484, stack(0x0000006a3a400000,0x0000006a3a500000)]
  0x0000023a6f71abc0 JavaThread "Service Thread" daemon [_thread_blocked, id=8340, stack(0x0000006a3a500000,0x0000006a3a600000)]
  0x0000023a6f71c650 JavaThread "Monitor Deflation Thread" daemon [_thread_blocked, id=3664, stack(0x0000006a3a600000,0x0000006a3a700000)]
  0x0000023a6f71fc70 JavaThread "C1 CompilerThread0" daemon [_thread_in_native, id=2380, stack(0x0000006a3a700000,0x0000006a3a800000)]
  0x0000023a6f71a120 JavaThread "Common-Cleaner" daemon [_thread_blocked, id=17920, stack(0x0000006a3a800000,0x0000006a3a900000)]
=>0x0000023a73d140b0 JavaThread "C1 CompilerThread1" daemon [_thread_in_native, id=11576, stack(0x0000006a3a900000,0x0000006a3aa00000)]
  0x0000023a6f71a670 JavaThread "Monitor Ctrl-Break" daemon [_thread_in_native, id=5084, stack(0x0000006a3aa00000,0x0000006a3ab00000)]
  0x0000023a6f71b110 JavaThread "Notification Thread" daemon [_thread_blocked, id=21592, stack(0x0000006a3ab00000,0x0000006a3ac00000)]
  0x0000023a73eaec10 JavaThread "C1 CompilerThread2" daemon [_thread_in_vm, id=21584, stack(0x0000006a3ac00000,0x0000006a3ad00000)]
  0x0000023a6f71c100 JavaThread "RMI TCP Accept-0" daemon [_thread_in_native, id=22116, stack(0x0000006a3b000000,0x0000006a3b100000)]

Other Threads:
  0x0000023a6f6f47b0 VMThread "VM Thread" [stack: 0x0000006a3a000000,0x0000006a3a100000] [id=13540]
  0x0000023a5f6bea10 WatcherThread "VM Periodic Task Thread" [stack: 0x0000006a3b100000,0x0000006a3b200000] [id=22260]
  0x0000023a5f71c1a0 WorkerThread "GC Thread#0" [stack: 0x0000006a39b00000,0x0000006a39c00000] [id=22024]
  0x0000023a73ead0d0 WorkerThread "GC Thread#1" [stack: 0x0000006a3ad00000,0x0000006a3ae00000] [id=21560]
  0x0000023a73ead3a0 WorkerThread "GC Thread#2" [stack: 0x0000006a3ae00000,0x0000006a3af00000] [id=16540]
  0x0000023a73edc780 WorkerThread "GC Thread#3" [stack: 0x0000006a3af00000,0x0000006a3b000000] [id=22252]
  0x0000023a5f72cf70 ConcurrentGCThread "G1 Main Marker" [stack: 0x0000006a39c00000,0x0000006a39d00000] [id=22068]
  0x0000023a5f730300 WorkerThread "G1 Conc#0" [stack: 0x0000006a39d00000,0x0000006a39e00000] [id=22132]
  0x0000023a5f77eb50 ConcurrentGCThread "G1 Refine#0" [stack: 0x0000006a39e00000,0x0000006a39f00000] [id=10928]
  0x0000023a6f5a4a20 ConcurrentGCThread "G1 Service" [stack: 0x0000006a39f00000,0x0000006a3a000000] [id=11656]

Threads with active compile tasks:
C1 CompilerThread0    12490 1195       1       sun.security.provider.PolicyParser::match (775 bytes)
C1 CompilerThread1    12490 1193       1       java.io.StreamTokenizer::nextToken (1266 bytes)
C1 CompilerThread2    12490 1196       1       java.lang.String::copyValueOf (11 bytes)

VM state: not at safepoint (normal execution)

VM Mutex/Monitor currently owned by a thread:  ([mutex/lock_event])
[0x0000023a5f6b7370] Metaspace_lock - owner thread: 0x0000023a5f6bdb20

Heap address: 0x0000000080a00000, size: 2038 MB, Compressed Oops mode: 32-bit

CDS archive(s) mapped at: [0x0000000800000000-0x0000000800c60000-0x0000000800c60000), size 12976128, SharedBaseAddress: 0x0000000800000000, ArchiveRelocationMode: 0.
Compressed class space mapped at: 0x0000000801000000-0x0000000841000000, reserved size: 1073741824
Narrow klass base: 0x0000000800000000, Narrow klass shift: 0, Narrow klass range: 0x100000000

GC Precious Log:
 CardTable entry size: 512
 Card Set container configuration: InlinePtr #cards 5 size 8 Array Of Cards #cards 12 size 40 Howl #buckets 4 coarsen threshold 1843 Howl Bitmap #cards 512 size 80 coarsen threshold 460 Card regions per heap region 1 cards per card region 2048
 CPUs: 4 total, 4 available
 Memory: 8147M
 Large Page Support: Disabled
 NUMA Support: Disabled
 Compressed Oops: Enabled (32-bit)
 Heap Region Size: 1M
 Heap Min Capacity: 8M
 Heap Initial Capacity: 128M
 Heap Max Capacity: 2038M
 Pre-touch: Disabled
 Parallel Workers: 4
 Concurrent Workers: 1
 Concurrent Refinement Workers: 4
 Periodic GC: Disabled

Heap:
 garbage-first heap   total 131072K, used 9327K [0x0000000080a00000, 0x0000000100000000)
  region size 1024K, 6 young (6144K), 2 survivors (2048K)
 Metaspace       used 5969K, committed 6208K, reserved 1114112K
  class space    used 686K, committed 832K, reserved 1048576K

Heap Regions: E=young(eden), S=young(survivor), O=old, HS=humongous(starts), HC=humongous(continues), CS=collection set, F=free, OA=open archive, CA=closed archive, TAMS=top-at-mark-start, PB=parsable bottom
|   0|0x0000000080a00000, 0x0000000080b00000, 0x0000000080b00000|100%|HS|  |TAMS 0x0000000080a00000| PB 0x0000000080a00000| Complete 
|   1|0x0000000080b00000, 0x0000000080c00000, 0x0000000080c00000|100%| O|  |TAMS 0x0000000080b00000| PB 0x0000000080b00000| Untracked 
|   2|0x0000000080c00000, 0x0000000080d00000, 0x0000000080d00000|100%| O|  |TAMS 0x0000000080c00000| PB 0x0000000080c00000| Untracked 
|   3|0x0000000080d00000, 0x0000000080e00000, 0x0000000080e00000|100%| O|  |TAMS 0x0000000080d00000| PB 0x0000000080d00000| Untracked 
|   4|0x0000000080e00000, 0x0000000080e1bc00, 0x0000000080f00000| 10%| O|  |TAMS 0x0000000080e00000| PB 0x0000000080e00000| Untracked 
|   5|0x0000000080f00000, 0x0000000080f00000, 0x0000000081000000|  0%| F|  |TAMS 0x0000000080f00000| PB 0x0000000080f00000| Untracked 
|   6|0x0000000081000000, 0x0000000081000000, 0x0000000081100000|  0%| F|  |TAMS 0x0000000081000000| PB 0x0000000081000000| Untracked 
|   7|0x0000000081100000, 0x0000000081100000, 0x0000000081200000|  0%| F|  |TAMS 0x0000000081100000| PB 0x0000000081100000| Untracked 
|   8|0x0000000081200000, 0x0000000081200000, 0x0000000081300000|  0%| F|  |TAMS 0x0000000081200000| PB 0x0000000081200000| Untracked 
|   9|0x0000000081300000, 0x0000000081300000, 0x0000000081400000|  0%| F|  |TAMS 0x0000000081300000| PB 0x0000000081300000| Untracked 
|  10|0x0000000081400000, 0x0000000081400000, 0x0000000081500000|  0%| F|  |TAMS 0x0000000081400000| PB 0x0000000081400000| Untracked 
|  11|0x0000000081500000, 0x0000000081500000, 0x0000000081600000|  0%| F|  |TAMS 0x0000000081500000| PB 0x0000000081500000| Untracked 
|  12|0x0000000081600000, 0x0000000081600000, 0x0000000081700000|  0%| F|  |TAMS 0x0000000081600000| PB 0x0000000081600000| Untracked 
|  13|0x0000000081700000, 0x0000000081700000, 0x0000000081800000|  0%| F|  |TAMS 0x0000000081700000| PB 0x0000000081700000| Untracked 
|  14|0x0000000081800000, 0x0000000081800000, 0x0000000081900000|  0%| F|  |TAMS 0x0000000081800000| PB 0x0000000081800000| Untracked 
|  15|0x0000000081900000, 0x0000000081900000, 0x0000000081a00000|  0%| F|  |TAMS 0x0000000081900000| PB 0x0000000081900000| Untracked 
|  16|0x0000000081a00000, 0x0000000081a00000, 0x0000000081b00000|  0%| F|  |TAMS 0x0000000081a00000| PB 0x0000000081a00000| Untracked 
|  17|0x0000000081b00000, 0x0000000081b00000, 0x0000000081c00000|  0%| F|  |TAMS 0x0000000081b00000| PB 0x0000000081b00000| Untracked 
|  18|0x0000000081c00000, 0x0000000081c00000, 0x0000000081d00000|  0%| F|  |TAMS 0x0000000081c00000| PB 0x0000000081c00000| Untracked 
|  19|0x0000000081d00000, 0x0000000081d00000, 0x0000000081e00000|  0%| F|  |TAMS 0x0000000081d00000| PB 0x0000000081d00000| Untracked 
|  20|0x0000000081e00000, 0x0000000081e00000, 0x0000000081f00000|  0%| F|  |TAMS 0x0000000081e00000| PB 0x0000000081e00000| Untracked 
|  21|0x0000000081f00000, 0x0000000081f00000, 0x0000000082000000|  0%| F|  |TAMS 0x0000000081f00000| PB 0x0000000081f00000| Untracked 
|  22|0x0000000082000000, 0x0000000082000000, 0x0000000082100000|  0%| F|  |TAMS 0x0000000082000000| PB 0x0000000082000000| Untracked 
|  23|0x0000000082100000, 0x0000000082100000, 0x0000000082200000|  0%| F|  |TAMS 0x0000000082100000| PB 0x0000000082100000| Untracked 
|  24|0x0000000082200000, 0x0000000082200000, 0x0000000082300000|  0%| F|  |TAMS 0x0000000082200000| PB 0x0000000082200000| Untracked 
|  25|0x0000000082300000, 0x0000000082300000, 0x0000000082400000|  0%| F|  |TAMS 0x0000000082300000| PB 0x0000000082300000| Untracked 
|  26|0x0000000082400000, 0x0000000082400000, 0x0000000082500000|  0%| F|  |TAMS 0x0000000082400000| PB 0x0000000082400000| Untracked 
|  27|0x0000000082500000, 0x0000000082500000, 0x0000000082600000|  0%| F|  |TAMS 0x0000000082500000| PB 0x0000000082500000| Untracked 
|  28|0x0000000082600000, 0x0000000082600000, 0x0000000082700000|  0%| F|  |TAMS 0x0000000082600000| PB 0x0000000082600000| Untracked 
|  29|0x0000000082700000, 0x0000000082700000, 0x0000000082800000|  0%| F|  |TAMS 0x0000000082700000| PB 0x0000000082700000| Untracked 
|  30|0x0000000082800000, 0x0000000082800000, 0x0000000082900000|  0%| F|  |TAMS 0x0000000082800000| PB 0x0000000082800000| Untracked 
|  31|0x0000000082900000, 0x0000000082900000, 0x0000000082a00000|  0%| F|  |TAMS 0x0000000082900000| PB 0x0000000082900000| Untracked 
|  32|0x0000000082a00000, 0x0000000082a00000, 0x0000000082b00000|  0%| F|  |TAMS 0x0000000082a00000| PB 0x0000000082a00000| Untracked 
|  33|0x0000000082b00000, 0x0000000082b00000, 0x0000000082c00000|  0%| F|  |TAMS 0x0000000082b00000| PB 0x0000000082b00000| Untracked 
|  34|0x0000000082c00000, 0x0000000082c00000, 0x0000000082d00000|  0%| F|  |TAMS 0x0000000082c00000| PB 0x0000000082c00000| Untracked 
|  35|0x0000000082d00000, 0x0000000082d00000, 0x0000000082e00000|  0%| F|  |TAMS 0x0000000082d00000| PB 0x0000000082d00000| Untracked 
|  36|0x0000000082e00000, 0x0000000082e00000, 0x0000000082f00000|  0%| F|  |TAMS 0x0000000082e00000| PB 0x0000000082e00000| Untracked 
|  37|0x0000000082f00000, 0x0000000082f00000, 0x0000000083000000|  0%| F|  |TAMS 0x0000000082f00000| PB 0x0000000082f00000| Untracked 
|  38|0x0000000083000000, 0x0000000083000000, 0x0000000083100000|  0%| F|  |TAMS 0x0000000083000000| PB 0x0000000083000000| Untracked 
|  39|0x0000000083100000, 0x0000000083100000, 0x0000000083200000|  0%| F|  |TAMS 0x0000000083100000| PB 0x0000000083100000| Untracked 
|  40|0x0000000083200000, 0x0000000083200000, 0x0000000083300000|  0%| F|  |TAMS 0x0000000083200000| PB 0x0000000083200000| Untracked 
|  41|0x0000000083300000, 0x0000000083300000, 0x0000000083400000|  0%| F|  |TAMS 0x0000000083300000| PB 0x0000000083300000| Untracked 
|  42|0x0000000083400000, 0x0000000083400000, 0x0000000083500000|  0%| F|  |TAMS 0x0000000083400000| PB 0x0000000083400000| Untracked 
|  43|0x0000000083500000, 0x0000000083500000, 0x0000000083600000|  0%| F|  |TAMS 0x0000000083500000| PB 0x0000000083500000| Untracked 
|  44|0x0000000083600000, 0x0000000083600000, 0x0000000083700000|  0%| F|  |TAMS 0x0000000083600000| PB 0x0000000083600000| Untracked 
|  45|0x0000000083700000, 0x0000000083700000, 0x0000000083800000|  0%| F|  |TAMS 0x0000000083700000| PB 0x0000000083700000| Untracked 
|  46|0x0000000083800000, 0x0000000083800000, 0x0000000083900000|  0%| F|  |TAMS 0x0000000083800000| PB 0x0000000083800000| Untracked 
|  47|0x0000000083900000, 0x0000000083900000, 0x0000000083a00000|  0%| F|  |TAMS 0x0000000083900000| PB 0x0000000083900000| Untracked 
|  48|0x0000000083a00000, 0x0000000083a00000, 0x0000000083b00000|  0%| F|  |TAMS 0x0000000083a00000| PB 0x0000000083a00000| Untracked 
|  49|0x0000000083b00000, 0x0000000083b00000, 0x0000000083c00000|  0%| F|  |TAMS 0x0000000083b00000| PB 0x0000000083b00000| Untracked 
|  50|0x0000000083c00000, 0x0000000083c00000, 0x0000000083d00000|  0%| F|  |TAMS 0x0000000083c00000| PB 0x0000000083c00000| Untracked 
|  51|0x0000000083d00000, 0x0000000083d00000, 0x0000000083e00000|  0%| F|  |TAMS 0x0000000083d00000| PB 0x0000000083d00000| Untracked 
|  52|0x0000000083e00000, 0x0000000083e00000, 0x0000000083f00000|  0%| F|  |TAMS 0x0000000083e00000| PB 0x0000000083e00000| Untracked 
|  53|0x0000000083f00000, 0x0000000083f00000, 0x0000000084000000|  0%| F|  |TAMS 0x0000000083f00000| PB 0x0000000083f00000| Untracked 
|  54|0x0000000084000000, 0x0000000084000000, 0x0000000084100000|  0%| F|  |TAMS 0x0000000084000000| PB 0x0000000084000000| Untracked 
|  55|0x0000000084100000, 0x0000000084100000, 0x0000000084200000|  0%| F|  |TAMS 0x0000000084100000| PB 0x0000000084100000| Untracked 
|  56|0x0000000084200000, 0x0000000084200000, 0x0000000084300000|  0%| F|  |TAMS 0x0000000084200000| PB 0x0000000084200000| Untracked 
|  57|0x0000000084300000, 0x0000000084300000, 0x0000000084400000|  0%| F|  |TAMS 0x0000000084300000| PB 0x0000000084300000| Untracked 
|  58|0x0000000084400000, 0x0000000084400000, 0x0000000084500000|  0%| F|  |TAMS 0x0000000084400000| PB 0x0000000084400000| Untracked 
|  59|0x0000000084500000, 0x0000000084500000, 0x0000000084600000|  0%| F|  |TAMS 0x0000000084500000| PB 0x0000000084500000| Untracked 
|  60|0x0000000084600000, 0x0000000084600000, 0x0000000084700000|  0%| F|  |TAMS 0x0000000084600000| PB 0x0000000084600000| Untracked 
|  61|0x0000000084700000, 0x0000000084700000, 0x0000000084800000|  0%| F|  |TAMS 0x0000000084700000| PB 0x0000000084700000| Untracked 
|  62|0x0000000084800000, 0x0000000084800000, 0x0000000084900000|  0%| F|  |TAMS 0x0000000084800000| PB 0x0000000084800000| Untracked 
|  63|0x0000000084900000, 0x0000000084900000, 0x0000000084a00000|  0%| F|  |TAMS 0x0000000084900000| PB 0x0000000084900000| Untracked 
|  64|0x0000000084a00000, 0x0000000084a00000, 0x0000000084b00000|  0%| F|  |TAMS 0x0000000084a00000| PB 0x0000000084a00000| Untracked 
|  65|0x0000000084b00000, 0x0000000084b00000, 0x0000000084c00000|  0%| F|  |TAMS 0x0000000084b00000| PB 0x0000000084b00000| Untracked 
|  66|0x0000000084c00000, 0x0000000084c00000, 0x0000000084d00000|  0%| F|  |TAMS 0x0000000084c00000| PB 0x0000000084c00000| Untracked 
|  67|0x0000000084d00000, 0x0000000084d00000, 0x0000000084e00000|  0%| F|  |TAMS 0x0000000084d00000| PB 0x0000000084d00000| Untracked 
|  68|0x0000000084e00000, 0x0000000084e00000, 0x0000000084f00000|  0%| F|  |TAMS 0x0000000084e00000| PB 0x0000000084e00000| Untracked 
|  69|0x0000000084f00000, 0x0000000084f00000, 0x0000000085000000|  0%| F|  |TAMS 0x0000000084f00000| PB 0x0000000084f00000| Untracked 
|  70|0x0000000085000000, 0x0000000085000000, 0x0000000085100000|  0%| F|  |TAMS 0x0000000085000000| PB 0x0000000085000000| Untracked 
|  71|0x0000000085100000, 0x0000000085100000, 0x0000000085200000|  0%| F|  |TAMS 0x0000000085100000| PB 0x0000000085100000| Untracked 
|  72|0x0000000085200000, 0x0000000085200000, 0x0000000085300000|  0%| F|  |TAMS 0x0000000085200000| PB 0x0000000085200000| Untracked 
|  73|0x0000000085300000, 0x0000000085300000, 0x0000000085400000|  0%| F|  |TAMS 0x0000000085300000| PB 0x0000000085300000| Untracked 
|  74|0x0000000085400000, 0x0000000085400000, 0x0000000085500000|  0%| F|  |TAMS 0x0000000085400000| PB 0x0000000085400000| Untracked 
|  75|0x0000000085500000, 0x0000000085500000, 0x0000000085600000|  0%| F|  |TAMS 0x0000000085500000| PB 0x0000000085500000| Untracked 
|  76|0x0000000085600000, 0x0000000085600000, 0x0000000085700000|  0%| F|  |TAMS 0x0000000085600000| PB 0x0000000085600000| Untracked 
|  77|0x0000000085700000, 0x0000000085700000, 0x0000000085800000|  0%| F|  |TAMS 0x0000000085700000| PB 0x0000000085700000| Untracked 
|  78|0x0000000085800000, 0x0000000085800000, 0x0000000085900000|  0%| F|  |TAMS 0x0000000085800000| PB 0x0000000085800000| Untracked 
|  79|0x0000000085900000, 0x0000000085900000, 0x0000000085a00000|  0%| F|  |TAMS 0x0000000085900000| PB 0x0000000085900000| Untracked 
|  80|0x0000000085a00000, 0x0000000085a00000, 0x0000000085b00000|  0%| F|  |TAMS 0x0000000085a00000| PB 0x0000000085a00000| Untracked 
|  81|0x0000000085b00000, 0x0000000085b00000, 0x0000000085c00000|  0%| F|  |TAMS 0x0000000085b00000| PB 0x0000000085b00000| Untracked 
|  82|0x0000000085c00000, 0x0000000085c00000, 0x0000000085d00000|  0%| F|  |TAMS 0x0000000085c00000| PB 0x0000000085c00000| Untracked 
|  83|0x0000000085d00000, 0x0000000085d00000, 0x0000000085e00000|  0%| F|  |TAMS 0x0000000085d00000| PB 0x0000000085d00000| Untracked 
|  84|0x0000000085e00000, 0x0000000085e00000, 0x0000000085f00000|  0%| F|  |TAMS 0x0000000085e00000| PB 0x0000000085e00000| Untracked 
|  85|0x0000000085f00000, 0x0000000085f00000, 0x0000000086000000|  0%| F|  |TAMS 0x0000000085f00000| PB 0x0000000085f00000| Untracked 
|  86|0x0000000086000000, 0x0000000086000000, 0x0000000086100000|  0%| F|  |TAMS 0x0000000086000000| PB 0x0000000086000000| Untracked 
|  87|0x0000000086100000, 0x0000000086100000, 0x0000000086200000|  0%| F|  |TAMS 0x0000000086100000| PB 0x0000000086100000| Untracked 
|  88|0x0000000086200000, 0x0000000086200000, 0x0000000086300000|  0%| F|  |TAMS 0x0000000086200000| PB 0x0000000086200000| Untracked 
|  89|0x0000000086300000, 0x0000000086300000, 0x0000000086400000|  0%| F|  |TAMS 0x0000000086300000| PB 0x0000000086300000| Untracked 
|  90|0x0000000086400000, 0x0000000086400000, 0x0000000086500000|  0%| F|  |TAMS 0x0000000086400000| PB 0x0000000086400000| Untracked 
|  91|0x0000000086500000, 0x0000000086500000, 0x0000000086600000|  0%| F|  |TAMS 0x0000000086500000| PB 0x0000000086500000| Untracked 
|  92|0x0000000086600000, 0x0000000086600000, 0x0000000086700000|  0%| F|  |TAMS 0x0000000086600000| PB 0x0000000086600000| Untracked 
|  93|0x0000000086700000, 0x0000000086700000, 0x0000000086800000|  0%| F|  |TAMS 0x0000000086700000| PB 0x0000000086700000| Untracked 
|  94|0x0000000086800000, 0x0000000086800000, 0x0000000086900000|  0%| F|  |TAMS 0x0000000086800000| PB 0x0000000086800000| Untracked 
|  95|0x0000000086900000, 0x0000000086900000, 0x0000000086a00000|  0%| F|  |TAMS 0x0000000086900000| PB 0x0000000086900000| Untracked 
|  96|0x0000000086a00000, 0x0000000086a00000, 0x0000000086b00000|  0%| F|  |TAMS 0x0000000086a00000| PB 0x0000000086a00000| Untracked 
|  97|0x0000000086b00000, 0x0000000086b00000, 0x0000000086c00000|  0%| F|  |TAMS 0x0000000086b00000| PB 0x0000000086b00000| Untracked 
|  98|0x0000000086c00000, 0x0000000086c00000, 0x0000000086d00000|  0%| F|  |TAMS 0x0000000086c00000| PB 0x0000000086c00000| Untracked 
|  99|0x0000000086d00000, 0x0000000086d00000, 0x0000000086e00000|  0%| F|  |TAMS 0x0000000086d00000| PB 0x0000000086d00000| Untracked 
| 100|0x0000000086e00000, 0x0000000086e00000, 0x0000000086f00000|  0%| F|  |TAMS 0x0000000086e00000| PB 0x0000000086e00000| Untracked 
| 101|0x0000000086f00000, 0x0000000086f00000, 0x0000000087000000|  0%| F|  |TAMS 0x0000000086f00000| PB 0x0000000086f00000| Untracked 
| 102|0x0000000087000000, 0x0000000087000000, 0x0000000087100000|  0%| F|  |TAMS 0x0000000087000000| PB 0x0000000087000000| Untracked 
| 103|0x0000000087100000, 0x0000000087100000, 0x0000000087200000|  0%| F|  |TAMS 0x0000000087100000| PB 0x0000000087100000| Untracked 
| 104|0x0000000087200000, 0x0000000087200000, 0x0000000087300000|  0%| F|  |TAMS 0x0000000087200000| PB 0x0000000087200000| Untracked 
| 105|0x0000000087300000, 0x0000000087300000, 0x0000000087400000|  0%| F|  |TAMS 0x0000000087300000| PB 0x0000000087300000| Untracked 
| 106|0x0000000087400000, 0x0000000087400000, 0x0000000087500000|  0%| F|  |TAMS 0x0000000087400000| PB 0x0000000087400000| Untracked 
| 107|0x0000000087500000, 0x0000000087500000, 0x0000000087600000|  0%| F|  |TAMS 0x0000000087500000| PB 0x0000000087500000| Untracked 
| 108|0x0000000087600000, 0x0000000087600000, 0x0000000087700000|  0%| F|  |TAMS 0x0000000087600000| PB 0x0000000087600000| Untracked 
| 109|0x0000000087700000, 0x0000000087700000, 0x0000000087800000|  0%| F|  |TAMS 0x0000000087700000| PB 0x0000000087700000| Untracked 
| 110|0x0000000087800000, 0x0000000087800000, 0x0000000087900000|  0%| F|  |TAMS 0x0000000087800000| PB 0x0000000087800000| Untracked 
| 111|0x0000000087900000, 0x0000000087900000, 0x0000000087a00000|  0%| F|  |TAMS 0x0000000087900000| PB 0x0000000087900000| Untracked 
| 112|0x0000000087a00000, 0x0000000087a00000, 0x0000000087b00000|  0%| F|  |TAMS 0x0000000087a00000| PB 0x0000000087a00000| Untracked 
| 113|0x0000000087b00000, 0x0000000087c00000, 0x0000000087c00000|100%| S|CS|TAMS 0x0000000087b00000| PB 0x0000000087b00000| Complete 
| 114|0x0000000087c00000, 0x0000000087d00000, 0x0000000087d00000|100%| S|CS|TAMS 0x0000000087c00000| PB 0x0000000087c00000| Complete 
| 115|0x0000000087d00000, 0x0000000087d00000, 0x0000000087e00000|  0%| F|  |TAMS 0x0000000087d00000| PB 0x0000000087d00000| Untracked 
| 116|0x0000000087e00000, 0x0000000087e00000, 0x0000000087f00000|  0%| F|  |TAMS 0x0000000087e00000| PB 0x0000000087e00000| Untracked 
| 117|0x0000000087f00000, 0x0000000087f00000, 0x0000000088000000|  0%| F|  |TAMS 0x0000000087f00000| PB 0x0000000087f00000| Untracked 
| 118|0x0000000088000000, 0x0000000088000000, 0x0000000088100000|  0%| F|  |TAMS 0x0000000088000000| PB 0x0000000088000000| Untracked 
| 119|0x0000000088100000, 0x0000000088100000, 0x0000000088200000|  0%| F|  |TAMS 0x0000000088100000| PB 0x0000000088100000| Untracked 
| 120|0x0000000088200000, 0x0000000088200000, 0x0000000088300000|  0%| F|  |TAMS 0x0000000088200000| PB 0x0000000088200000| Untracked 
| 121|0x0000000088300000, 0x0000000088300000, 0x0000000088400000|  0%| F|  |TAMS 0x0000000088300000| PB 0x0000000088300000| Untracked 
| 122|0x0000000088400000, 0x0000000088400000, 0x0000000088500000|  0%| F|  |TAMS 0x0000000088400000| PB 0x0000000088400000| Untracked 
| 123|0x0000000088500000, 0x0000000088500000, 0x0000000088600000|  0%| F|  |TAMS 0x0000000088500000| PB 0x0000000088500000| Untracked 
| 124|0x0000000088600000, 0x00000000886b9558, 0x0000000088700000| 72%| E|  |TAMS 0x0000000088600000| PB 0x0000000088600000| Complete 
| 125|0x0000000088700000, 0x0000000088800000, 0x0000000088800000|100%| E|CS|TAMS 0x0000000088700000| PB 0x0000000088700000| Complete 
| 126|0x0000000088800000, 0x0000000088900000, 0x0000000088900000|100%| E|CS|TAMS 0x0000000088800000| PB 0x0000000088800000| Complete 
| 127|0x0000000088900000, 0x0000000088a00000, 0x0000000088a00000|100%| E|CS|TAMS 0x0000000088900000| PB 0x0000000088900000| Complete 

Card table byte_map: [0x0000023a6ab70000,0x0000023a6af70000] _byte_map_base: 0x0000023a6a76b000

Marking Bits: (CMBitMap*) 0x0000023a5f71c7d0
 Bits: [0x0000023a6b370000, 0x0000023a6d348000)

Polling page: 0x0000023a5ee80000

Metaspace:

Usage:
  Non-class:      5.16 MB used.
      Class:    686.14 KB used.
       Both:      5.83 MB used.

Virtual space:
  Non-class space:       64.00 MB reserved,       5.25 MB (  8%) committed,  1 nodes.
      Class space:        1.00 GB reserved,     832.00 KB ( <1%) committed,  1 nodes.
             Both:        1.06 GB reserved,       6.06 MB ( <1%) committed. 

Chunk freelists:
   Non-Class:  2.34 MB
       Class:  3.17 MB
        Both:  5.52 MB

MaxMetaspaceSize: unlimited
CompressedClassSpaceSize: 1.00 GB
Initial GC threshold: 21.00 MB
Current GC threshold: 21.00 MB
CDS: on
MetaspaceReclaimPolicy: balanced
 - commit_granule_bytes: 65536.
 - commit_granule_words: 8192.
 - virtual_space_node_default_size: 8388608.
 - enlarge_chunks_in_place: 1.
 - new_chunks_are_fully_committed: 0.
 - uncommit_free_chunks: 1.
 - use_allocation_guard: 0.


Internal statistics:

num_allocs_failed_limit: 0.
num_arena_births: 126.
num_arena_deaths: 0.
num_vsnodes_births: 2.
num_vsnodes_deaths: 0.
num_space_committed: 97.
num_space_uncommitted: 0.
num_chunks_returned_to_freelist: 0.
num_chunks_taken_from_freelist: 169.
num_chunk_merges: 0.
num_chunk_splits: 113.
num_chunks_enlarged: 69.
num_inconsistent_stats: 0.

CodeCache: size=49152Kb used=4082Kb max_used=4082Kb free=45069Kb
 bounds [0x0000023a67770000, 0x0000023a67b70000, 0x0000023a6a770000]
 total_blobs=1656 nmethods=1193 adapters=387
 compilation: enabled
              stopped_count=0, restarted_count=0
 full_count=0

Compilation events (20 events):
Event: 12.401 Thread 0x0000023a73eaec10 nmethod 1185 0x0000023a67b68f90 code [0x0000023a67b691a0, 0x0000023a67b69748]
Event: 12.402 Thread 0x0000023a73eaec10 1186       1       jdk.internal.loader.URLClassPath::getResource (74 bytes)
Event: 12.403 Thread 0x0000023a73eaec10 nmethod 1186 0x0000023a67b69b90 code [0x0000023a67b69d40, 0x0000023a67b69ed8]
Event: 12.408 Thread 0x0000023a73eaec10 1187       1       java.io.BufferedReader::ensureOpen (18 bytes)
Event: 12.408 Thread 0x0000023a73d140b0 1188       1       java.io.StreamTokenizer::read (38 bytes)
Event: 12.408 Thread 0x0000023a6f71fc70 1189   !   1       java.io.BufferedReader::read (59 bytes)
Event: 12.408 Thread 0x0000023a73eaec10 nmethod 1187 0x0000023a67b69f90 code [0x0000023a67b6a120, 0x0000023a67b6a280]
Event: 12.408 Thread 0x0000023a73d140b0 nmethod 1188 0x0000023a67b6a310 code [0x0000023a67b6a4c0, 0x0000023a67b6a6a8]
Event: 12.408 Thread 0x0000023a73eaec10 1190       1       java.io.BufferedReader::implRead (88 bytes)
Event: 12.409 Thread 0x0000023a73eaec10 nmethod 1190 0x0000023a67b6a790 code [0x0000023a67b6a940, 0x0000023a67b6aba8]
Event: 12.409 Thread 0x0000023a6f71fc70 nmethod 1189 0x0000023a67b6ad10 code [0x0000023a67b6af20, 0x0000023a67b6b3e8]
Event: 12.410 Thread 0x0000023a6f71fc70 1191       1       java.lang.String::indexOf (64 bytes)
Event: 12.410 Thread 0x0000023a73eaec10 1192       1       java.lang.StringLatin1::indexOf (25 bytes)
Event: 12.410 Thread 0x0000023a73eaec10 nmethod 1192 0x0000023a67b6b810 code [0x0000023a67b6b9a0, 0x0000023a67b6bae0]
Event: 12.410 Thread 0x0000023a73d140b0 1193       1       java.io.StreamTokenizer::nextToken (1266 bytes)
Event: 12.410 Thread 0x0000023a6f71fc70 nmethod 1191 0x0000023a67b6bb90 code [0x0000023a67b6bd40, 0x0000023a67b6bfe8]
Event: 12.410 Thread 0x0000023a73eaec10 1194       1       sun.security.provider.PolicyParser::peek (182 bytes)
Event: 12.410 Thread 0x0000023a6f71fc70 1195       1       sun.security.provider.PolicyParser::match (775 bytes)
Event: 12.410 Thread 0x0000023a73eaec10 nmethod 1194 0x0000023a67b6c210 code [0x0000023a67b6c3e0, 0x0000023a67b6c690]
Event: 12.411 Thread 0x0000023a73eaec10 1196       1       java.lang.String::copyValueOf (11 bytes)

GC Heap History (2 events):
Event: 12.083 GC heap before
{Heap before GC invocations=0 (full 0):
 garbage-first heap   total 131072K, used 13312K [0x0000000080a00000, 0x0000000100000000)
  region size 1024K, 13 young (13312K), 0 survivors (0K)
 Metaspace       used 3405K, committed 3520K, reserved 1114112K
  class space    used 393K, committed 448K, reserved 1048576K
}
Event: 12.092 GC heap after
{Heap after GC invocations=1 (full 0):
 garbage-first heap   total 131072K, used 6255K [0x0000000080a00000, 0x0000000100000000)
  region size 1024K, 2 young (2048K), 2 survivors (2048K)
 Metaspace       used 3405K, committed 3520K, reserved 1114112K
  class space    used 393K, committed 448K, reserved 1048576K
}

Dll operation events (12 events):
Event: 0.049 Loaded shared library C:\Users\vorte\.jdks\openjdk-20.0.1\bin\java.dll
Event: 0.071 Loaded shared library C:\Users\vorte\.jdks\openjdk-20.0.1\bin\jsvml.dll
Event: 0.411 Loaded shared library C:\Users\vorte\.jdks\openjdk-20.0.1\bin\zip.dll
Event: 0.419 Loaded shared library C:\Users\vorte\.jdks\openjdk-20.0.1\bin\instrument.dll
Event: 0.433 Loaded shared library C:\Users\vorte\.jdks\openjdk-20.0.1\bin\net.dll
Event: 0.437 Loaded shared library C:\Users\vorte\.jdks\openjdk-20.0.1\bin\nio.dll
Event: 0.447 Loaded shared library C:\Users\vorte\.jdks\openjdk-20.0.1\bin\zip.dll
Event: 2.423 Loaded shared library C:\Users\vorte\.jdks\openjdk-20.0.1\bin\jimage.dll
Event: 11.799 Loaded shared library V:\Program Files (x86)\JetBrains\IntelliJ IDEA 2022.2.2\bin\breakgen64.dll
Event: 11.820 Loaded shared library C:\Users\vorte\.jdks\openjdk-20.0.1\bin\extnet.dll
Event: 11.839 Loaded shared library C:\Users\vorte\.jdks\openjdk-20.0.1\bin\management.dll
Event: 11.858 Loaded shared library C:\Users\vorte\.jdks\openjdk-20.0.1\bin\management_ext.dll

Deoptimization events (4 events):
Event: 12.020 Thread 0x0000023a5f6bdb20 DEOPT PACKING pc=0x0000023a67a3e8dd sp=0x0000006a39afd220
Event: 12.020 Thread 0x0000023a5f6bdb20 DEOPT UNPACKING pc=0x0000023a677da4c2 sp=0x0000006a39afc6d0 mode 3
Event: 12.042 Thread 0x0000023a5f6bdb20 DEOPT PACKING pc=0x0000023a67a24e60 sp=0x0000006a39afd1f0
Event: 12.042 Thread 0x0000023a5f6bdb20 DEOPT UNPACKING pc=0x0000023a677da4c2 sp=0x0000006a39afc6a8 mode 3

Classes loaded (20 events):
Event: 12.405 Loading class sun/security/provider/PolicyFile$1
Event: 12.406 Loading class sun/security/provider/PolicyFile$1 done
Event: 12.406 Loading class sun/security/provider/PolicyFile$PolicyInfo
Event: 12.406 Loading class sun/security/provider/PolicyFile$PolicyInfo done
Event: 12.406 Loading class jdk/internal/access/JavaSecurityAccess$ProtectionDomainCache
Event: 12.406 Loading class jdk/internal/access/JavaSecurityAccess$ProtectionDomainCache done
Event: 12.406 Loading class java/security/ProtectionDomain$JavaSecurityAccessImpl$1
Event: 12.406 Loading class java/security/ProtectionDomain$JavaSecurityAccessImpl$1 done
Event: 12.406 Loading class sun/security/provider/PolicyFile$2
Event: 12.406 Loading class sun/security/provider/PolicyFile$2 done
Event: 12.407 Loading class sun/security/provider/PolicyParser
Event: 12.407 Loading class sun/security/provider/PolicyParser done
Event: 12.407 Loading class java/io/StreamTokenizer
Event: 12.408 Loading class java/io/StreamTokenizer done
Event: 12.408 Loading class sun/security/provider/PolicyParser$GrantEntry
Event: 12.409 Loading class sun/security/provider/PolicyParser$GrantEntry done
Event: 12.409 Loading class sun/security/provider/PolicyParser$PermissionEntry
Event: 12.409 Loading class sun/security/provider/PolicyParser$PermissionEntry done
Event: 12.409 Loading class sun/security/util/PropertyExpander
Event: 12.409 Loading class sun/security/util/PropertyExpander done

Classes unloaded (0 events):
No events

Classes redefined (0 events):
No events

Internal exceptions (15 events):
Event: 11.749 Thread 0x0000023a5f6bdb20 Exception <a 'java/lang/NoSuchMethodError'{0x0000000088642678}: 'void java.lang.invoke.DirectMethodHandle$Holder.invokeStatic(java.lang.Object, java.lang.Object, java.lang.Object)'> (0x0000000088642678) 
thrown [s\open\src\hotspot\share\interpreter\linkResolver.cpp, line 773]
Event: 11.753 Thread 0x0000023a5f6bdb20 Exception <a 'java/lang/NoSuchMethodError'{0x0000000088659b80}: 'java.lang.Object java.lang.invoke.Invokers$Holder.invokeExact_MT(java.lang.Object, java.lang.Object, java.lang.Object, java.lang.Object, java.lang.Object)'> (0x0000000088659b80) 
thrown [s\open\src\hotspot\share\interpreter\linkResolver.cpp, line 773]
Event: 11.763 Thread 0x0000023a6f719bd0 Exception <a 'java/lang/NoSuchMethodError'{0x00000000882930f8}: 'java.lang.Object java.lang.invoke.Invokers$Holder.invokeExact_MT(java.lang.Object, java.lang.Object, java.lang.Object, java.lang.Object, java.lang.Object, java.lang.Object)'> (0x00000000882930f8) 
thrown [s\open\src\hotspot\share\interpreter\linkResolver.cpp, line 773]
Event: 11.822 Thread 0x0000023a6f71a670 Exception <a 'java/lang/NoSuchMethodError'{0x0000000088144040}: 'void java.lang.invoke.DirectMethodHandle$Holder.invokeStatic(java.lang.Object, java.lang.Object)'> (0x0000000088144040) 
thrown [s\open\src\hotspot\share\interpreter\linkResolver.cpp, line 773]
Event: 11.863 Thread 0x0000023a5f6bdb20 Exception <a 'java/lang/NoSuchMethodError'{0x00000000881268f8}: 'int java.lang.invoke.DirectMethodHandle$Holder.invokeInterface(java.lang.Object, java.lang.Object)'> (0x00000000881268f8) 
thrown [s\open\src\hotspot\share\interpreter\linkResolver.cpp, line 773]
Event: 11.864 Thread 0x0000023a5f6bdb20 Exception <a 'java/lang/IncompatibleClassChangeError'{0x0000000088129af8}: Found class java.lang.Object, but interface was expected> (0x0000000088129af8) 
thrown [s\open\src\hotspot\share\interpreter\linkResolver.cpp, line 840]
Event: 11.939 Thread 0x0000023a5f6bdb20 Exception <a 'java/lang/NoSuchMethodError'{0x0000000088078c10}: 'int java.lang.invoke.DirectMethodHandle$Holder.invokeSpecial(java.lang.Object, java.lang.Object, java.lang.Object)'> (0x0000000088078c10) 
thrown [s\open\src\hotspot\share\interpreter\linkResolver.cpp, line 773]
Event: 11.986 Thread 0x0000023a5f6bdb20 Exception <a 'java/lang/NoSuchMethodError'{0x0000000087f18448}: 'java.lang.Object java.lang.invoke.DirectMethodHandle$Holder.invokeStaticInit(java.lang.Object, java.lang.Object, java.lang.Object)'> (0x0000000087f18448) 
thrown [s\open\src\hotspot\share\interpreter\linkResolver.cpp, line 773]
Event: 12.118 Thread 0x0000023a5f6bdb20 Exception <a 'java/lang/NoSuchMethodError'{0x0000000088983890}: 'int java.lang.invoke.DirectMethodHandle$Holder.invokeSpecialIFC(java.lang.Object, java.lang.Object, java.lang.Object)'> (0x0000000088983890) 
thrown [s\open\src\hotspot\share\interpreter\linkResolver.cpp, line 773]
Event: 12.158 Thread 0x0000023a5f6bdb20 Exception <a 'java/lang/NoSuchMethodError'{0x0000000088815398}: 'java.lang.Object java.lang.invoke.DirectMethodHandle$Holder.invokeStaticInit(java.lang.Object, int, int, int, int)'> (0x0000000088815398) 
thrown [s\open\src\hotspot\share\interpreter\linkResolver.cpp, line 773]
Event: 12.254 Thread 0x0000023a5f6bdb20 Exception <a 'java/lang/NoSuchMethodError'{0x00000000888758d0}: 'java.lang.Object java.lang.invoke.DirectMethodHandle$Holder.invokeStaticInit(java.lang.Object, java.lang.Object, int, int, int, int)'> (0x00000000888758d0) 
thrown [s\open\src\hotspot\share\interpreter\linkResolver.cpp, line 773]
Event: 12.278 Thread 0x0000023a5f6bdb20 Exception <a 'java/lang/ClassNotFoundException'{0x00000000888954b0}: javax/management/remote/rmi/RMIServerImpl_Skel> (0x00000000888954b0) 
thrown [s\open\src\hotspot\share\classfile\systemDictionary.cpp, line 305]
Event: 12.296 Thread 0x0000023a5f6bdb20 Exception <a 'java/lang/NoSuchMethodError'{0x00000000888af428}: 'long java.lang.invoke.DirectMethodHandle$Holder.invokeSpecial(java.lang.Object, java.lang.Object)'> (0x00000000888af428) 
thrown [s\open\src\hotspot\share\interpreter\linkResolver.cpp, line 773]
Event: 12.296 Thread 0x0000023a5f6bdb20 Exception <a 'java/lang/NoSuchMethodError'{0x00000000888b2af0}: 'long java.lang.invoke.Invokers$Holder.invokeExact_MT(java.lang.Object, java.lang.Object)'> (0x00000000888b2af0) 
thrown [s\open\src\hotspot\share\interpreter\linkResolver.cpp, line 773]
Event: 12.304 Thread 0x0000023a5f6bdb20 Exception <a 'java/lang/NoSuchMethodError'{0x00000000888d7970}: 'void java.lang.invoke.DirectMethodHandle$Holder.invokeSpecial(java.lang.Object, java.lang.Object, java.lang.Object)'> (0x00000000888d7970) 
thrown [s\open\src\hotspot\share\interpreter\linkResolver.cpp, line 773]

VM Operations (20 events):
Event: 9.486 Executing VM operation: Cleanup
Event: 9.486 Executing VM operation: Cleanup done
Event: 11.803 Executing VM operation: HandshakeAllThreads
Event: 11.804 Executing VM operation: HandshakeAllThreads done
Event: 11.804 Executing VM operation: Cleanup
Event: 11.804 Executing VM operation: Cleanup done
Event: 11.851 Executing VM operation: HandshakeAllThreads
Event: 11.851 Executing VM operation: HandshakeAllThreads done
Event: 12.083 Executing VM operation: G1CollectForAllocation
Event: 12.092 Executing VM operation: G1CollectForAllocation done
Event: 12.142 Executing VM operation: HandshakeAllThreads
Event: 12.142 Executing VM operation: HandshakeAllThreads done
Event: 12.276 Executing VM operation: HandshakeAllThreads
Event: 12.276 Executing VM operation: HandshakeAllThreads done
Event: 12.311 Executing VM operation: HandshakeAllThreads
Event: 12.311 Executing VM operation: HandshakeAllThreads done
Event: 12.352 Executing VM operation: HandshakeAllThreads
Event: 12.352 Executing VM operation: HandshakeAllThreads done
Event: 12.361 Executing VM operation: HandshakeAllThreads
Event: 12.361 Executing VM operation: HandshakeAllThreads done

Events (20 events):
Event: 0.091 Thread 0x0000023a6f70d9d0 Thread added: 0x0000023a6f70d9d0
Event: 0.091 Thread 0x0000023a6f718f80 Thread added: 0x0000023a6f718f80
Event: 0.092 Thread 0x0000023a6f719bd0 Thread added: 0x0000023a6f719bd0
Event: 0.092 Thread 0x0000023a6f71abc0 Thread added: 0x0000023a6f71abc0
Event: 0.092 Thread 0x0000023a6f71c650 Thread added: 0x0000023a6f71c650
Event: 0.092 Thread 0x0000023a6f71fc70 Thread added: 0x0000023a6f71fc70
Event: 0.359 Thread 0x0000023a6f71a120 Thread added: 0x0000023a6f71a120
Event: 0.384 Thread 0x0000023a6f6de650 Thread added: 0x0000023a6f6de650
Event: 0.386 Thread 0x0000023a739b4c20 Thread added: 0x0000023a739b4c20
Event: 1.786 Thread 0x0000023a739b4c20 Thread exited: 0x0000023a739b4c20
Event: 1.786 Thread 0x0000023a6f6de650 Thread exited: 0x0000023a6f6de650
Event: 2.389 Thread 0x0000023a739b4c20 Thread added: 0x0000023a739b4c20
Event: 2.392 Thread 0x0000023a73a69e40 Thread added: 0x0000023a73a69e40
Event: 3.419 Thread 0x0000023a73a69e40 Thread exited: 0x0000023a73a69e40
Event: 8.498 Thread 0x0000023a739b4c20 Thread exited: 0x0000023a739b4c20
Event: 11.758 Thread 0x0000023a73d140b0 Thread added: 0x0000023a73d140b0
Event: 11.800 Thread 0x0000023a6f71a670 Thread added: 0x0000023a6f71a670
Event: 11.800 Thread 0x0000023a6f71b110 Thread added: 0x0000023a6f71b110
Event: 12.024 Thread 0x0000023a73eaec10 Thread added: 0x0000023a73eaec10
Event: 12.289 Thread 0x0000023a6f71c100 Thread added: 0x0000023a6f71c100


Dynamic libraries:
0x00007ff6e3850000 - 0x00007ff6e385e000 	C:\Users\vorte\.jdks\openjdk-20.0.1\bin\java.exe
0x00007ffbd0630000 - 0x00007ffbd0825000 	C:\WINDOWS\SYSTEM32\ntdll.dll
0x00007ffb97de0000 - 0x00007ffb97df9000 	C:\Program Files\AVAST Software\Avast\aswhook.dll
0x00007ffbcf260000 - 0x00007ffbcf31e000 	C:\WINDOWS\System32\KERNEL32.DLL
0x00007ffbcde50000 - 0x00007ffbce118000 	C:\WINDOWS\System32\KERNELBASE.dll
0x00007ffbce360000 - 0x00007ffbce460000 	C:\WINDOWS\System32\ucrtbase.dll
0x00007ffbb5470000 - 0x00007ffbb5487000 	C:\Users\vorte\.jdks\openjdk-20.0.1\bin\jli.dll
0x00007ffbcfd50000 - 0x00007ffbcfef0000 	C:\WINDOWS\System32\USER32.dll
0x00007ffbce210000 - 0x00007ffbce232000 	C:\WINDOWS\System32\win32u.dll
0x00007ffbcfca0000 - 0x00007ffbcfccb000 	C:\WINDOWS\System32\GDI32.dll
0x00007ffba52d0000 - 0x00007ffba52eb000 	C:\Users\vorte\.jdks\openjdk-20.0.1\bin\VCRUNTIME140.dll
0x00007ffbcdd40000 - 0x00007ffbcde4d000 	C:\WINDOWS\System32\gdi32full.dll
0x00007ffbce120000 - 0x00007ffbce1bd000 	C:\WINDOWS\System32\msvcp_win.dll
0x00007ffbc0de0000 - 0x00007ffbc107a000 	C:\WINDOWS\WinSxS\amd64_microsoft.windows.common-controls_6595b64144ccf1df_6.0.19041.1110_none_60b5254171f9507e\COMCTL32.dll
0x00007ffbd0130000 - 0x00007ffbd01ce000 	C:\WINDOWS\System32\msvcrt.dll
0x00007ffbcf3d0000 - 0x00007ffbcf400000 	C:\WINDOWS\System32\IMM32.DLL
0x00007ffbb1da0000 - 0x00007ffbb1dac000 	C:\Users\vorte\.jdks\openjdk-20.0.1\bin\vcruntime140_1.dll
0x00007ffb80fc0000 - 0x00007ffb8104e000 	C:\Users\vorte\.jdks\openjdk-20.0.1\bin\msvcp140.dll
0x00007ffb16560000 - 0x00007ffb171f7000 	C:\Users\vorte\.jdks\openjdk-20.0.1\bin\server\jvm.dll
0x00007ffbcf9f0000 - 0x00007ffbcfa9e000 	C:\WINDOWS\System32\ADVAPI32.dll
0x00007ffbd02e0000 - 0x00007ffbd037c000 	C:\WINDOWS\System32\sechost.dll
0x00007ffbd0380000 - 0x00007ffbd04a5000 	C:\WINDOWS\System32\RPCRT4.dll
0x00007ffbb02c0000 - 0x00007ffbb02c9000 	C:\WINDOWS\SYSTEM32\WSOCK32.dll
0x00007ffbcfcd0000 - 0x00007ffbcfd3b000 	C:\WINDOWS\System32\WS2_32.dll
0x00007ffbc2880000 - 0x00007ffbc28a7000 	C:\WINDOWS\SYSTEM32\WINMM.dll
0x00007ffbc7950000 - 0x00007ffbc795a000 	C:\WINDOWS\SYSTEM32\VERSION.dll
0x00007ffbcc610000 - 0x00007ffbcc622000 	C:\WINDOWS\SYSTEM32\kernel.appcore.dll
0x00007ffbb1a00000 - 0x00007ffbb1a0a000 	C:\Users\vorte\.jdks\openjdk-20.0.1\bin\jimage.dll
0x00007ffbcbab0000 - 0x00007ffbcbc94000 	C:\WINDOWS\SYSTEM32\DBGHELP.DLL
0x00007ffbc3fb0000 - 0x00007ffbc3fdc000 	C:\WINDOWS\SYSTEM32\dbgcore.DLL
0x00007ffbce5f0000 - 0x00007ffbce672000 	C:\WINDOWS\System32\bcryptPrimitives.dll
0x00007ffbc9350000 - 0x00007ffbc935e000 	C:\Users\vorte\.jdks\openjdk-20.0.1\bin\instrument.dll
0x00007ffba3b70000 - 0x00007ffba3b96000 	C:\Users\vorte\.jdks\openjdk-20.0.1\bin\java.dll
0x00007ffb78d10000 - 0x00007ffb78de7000 	C:\Users\vorte\.jdks\openjdk-20.0.1\bin\jsvml.dll
0x00007ffbce680000 - 0x00007ffbcedc4000 	C:\WINDOWS\System32\SHELL32.dll
0x00007ffbcbca0000 - 0x00007ffbcc434000 	C:\WINDOWS\SYSTEM32\windows.storage.dll
0x00007ffbcedd0000 - 0x00007ffbcf125000 	C:\WINDOWS\System32\combase.dll
0x00007ffbcd790000 - 0x00007ffbcd7be000 	C:\WINDOWS\SYSTEM32\Wldp.dll
0x00007ffbcf320000 - 0x00007ffbcf3cd000 	C:\WINDOWS\System32\SHCORE.dll
0x00007ffbcf400000 - 0x00007ffbcf455000 	C:\WINDOWS\System32\shlwapi.dll
0x00007ffbcdc80000 - 0x00007ffbcdc9f000 	C:\WINDOWS\SYSTEM32\profapi.dll
0x00007ffb9f910000 - 0x00007ffb9f928000 	C:\Users\vorte\.jdks\openjdk-20.0.1\bin\zip.dll
0x00007ffba2e80000 - 0x00007ffba2e93000 	C:\Users\vorte\.jdks\openjdk-20.0.1\bin\net.dll
0x00007ffbc3b40000 - 0x00007ffbc3c4c000 	C:\WINDOWS\SYSTEM32\WINHTTP.dll
0x00007ffbcd4f0000 - 0x00007ffbcd55a000 	C:\WINDOWS\system32\mswsock.dll
0x00007ffba2e60000 - 0x00007ffba2e76000 	C:\Users\vorte\.jdks\openjdk-20.0.1\bin\nio.dll
0x00007ffbb1d50000 - 0x00007ffbb1d6a000 	V:\Program Files (x86)\JetBrains\IntelliJ IDEA 2022.2.2\bin\breakgen64.dll
0x00007ffbb1510000 - 0x00007ffbb1517000 	C:\Users\vorte\.jdks\openjdk-20.0.1\bin\extnet.dll
0x00007ffbcd1e0000 - 0x00007ffbcd2ab000 	C:\WINDOWS\SYSTEM32\DNSAPI.dll
0x00007ffbcd190000 - 0x00007ffbcd1cb000 	C:\WINDOWS\SYSTEM32\IPHLPAPI.DLL
0x00007ffbcfd40000 - 0x00007ffbcfd48000 	C:\WINDOWS\System32\NSI.dll
0x00007ffbc5f90000 - 0x00007ffbc5f9a000 	C:\Windows\System32\rasadhlp.dll
0x00007ffbc2c40000 - 0x00007ffbc2cbf000 	C:\WINDOWS\System32\fwpuclnt.dll
0x00007ffbce5c0000 - 0x00007ffbce5e7000 	C:\WINDOWS\System32\bcrypt.dll
0x00007ffbc5080000 - 0x00007ffbc508a000 	C:\Users\vorte\.jdks\openjdk-20.0.1\bin\management.dll
0x00007ffbc4840000 - 0x00007ffbc484b000 	C:\Users\vorte\.jdks\openjdk-20.0.1\bin\management_ext.dll
0x00007ffbd04b0000 - 0x00007ffbd04b8000 	C:\WINDOWS\System32\PSAPI.DLL
0x00007ffbcd6f0000 - 0x00007ffbcd708000 	C:\WINDOWS\SYSTEM32\CRYPTSP.dll
0x00007ffbcce00000 - 0x00007ffbcce34000 	C:\WINDOWS\system32\rsaenh.dll
0x00007ffbcdc40000 - 0x00007ffbcdc6e000 	C:\WINDOWS\SYSTEM32\USERENV.dll
0x00007ffbcd6e0000 - 0x00007ffbcd6ec000 	C:\WINDOWS\SYSTEM32\CRYPTBASE.dll
0x00007ffbc6680000 - 0x00007ffbc6697000 	C:\WINDOWS\SYSTEM32\dhcpcsvc6.DLL
0x00007ffbc6660000 - 0x00007ffbc667d000 	C:\WINDOWS\SYSTEM32\dhcpcsvc.DLL
0x00007ffba5c20000 - 0x00007ffba5c37000 	C:\WINDOWS\system32\napinsp.dll
0x00007ffba5c00000 - 0x00007ffba5c1b000 	C:\WINDOWS\system32\pnrpnsp.dll
0x00007ffbb0d20000 - 0x00007ffbb0d35000 	C:\WINDOWS\system32\wshbth.dll
0x00007ffbc9330000 - 0x00007ffbc934d000 	C:\WINDOWS\system32\NLAapi.dll
0x00007ffba5c40000 - 0x00007ffba5c52000 	C:\WINDOWS\System32\winrnr.dll

dbghelp: loaded successfully - version: 4.0.5 - missing functions: none
symbol engine: initialized successfully - sym options: 0x614 - pdb path: .;C:\Users\vorte\.jdks\openjdk-20.0.1\bin;C:\WINDOWS\SYSTEM32;C:\Program Files\AVAST Software\Avast;C:\WINDOWS\WinSxS\amd64_microsoft.windows.common-controls_6595b64144ccf1df_6.0.19041.1110_none_60b5254171f9507e;C:\Users\vorte\.jdks\openjdk-20.0.1\bin\server;V:\Program Files (x86)\JetBrains\IntelliJ IDEA 2022.2.2\bin

VM Arguments:
jvm_args: -XX:TieredStopAtLevel=1 -Dspring.output.ansi.enabled=always -Dcom.sun.management.jmxremote -Dspring.jmx.enabled=true -Dspring.liveBeansView.mbeanDomain -Dspring.application.admin.enabled=true -javaagent:V:\Program Files (x86)\JetBrains\IntelliJ IDEA 2022.2.2\lib\idea_rt.jar=64352:V:\Program Files (x86)\JetBrains\IntelliJ IDEA 2022.2.2\bin -Dfile.encoding=UTF-8 -Dsun.stdout.encoding=UTF-8 -Dsun.stderr.encoding=UTF-8 
java_command: com.habittracker.tracker.TrackerApplication
java_class_path (initial): V:\Connor's Folder\Uni\Year 4\Project\BackEnd\Spring\tracker\target\classes;C:\Users\vorte\.m2\repository\org\springframework\boot\spring-boot-starter-data-jpa\3.1.1\spring-boot-starter-data-jpa-3.1.1.jar;C:\Users\vorte\.m2\repository\org\springframework\boot\spring-boot-starter-aop\3.1.1\spring-boot-starter-aop-3.1.1.jar;C:\Users\vorte\.m2\repository\org\springframework\spring-aop\6.0.10\spring-aop-6.0.10.jar;C:\Users\vorte\.m2\repository\org\aspectj\aspectjweaver\1.9.19\aspectjweaver-1.9.19.jar;C:\Users\vorte\.m2\repository\org\springframework\boot\spring-boot-starter-jdbc\3.1.1\spring-boot-starter-jdbc-3.1.1.jar;C:\Users\vorte\.m2\repository\com\zaxxer\HikariCP\5.0.1\HikariCP-5.0.1.jar;C:\Users\vorte\.m2\repository\org\springframework\spring-jdbc\6.0.10\spring-jdbc-6.0.10.jar;C:\Users\vorte\.m2\repository\org\hibernate\orm\hibernate-core\6.2.5.Final\hibernate-core-6.2.5.Final.jar;C:\Users\vorte\.m2\repository\jakarta\persistence\jakarta.persistence-api\3.1.0\jakarta.persistence-api-3.1.0.jar;C:\Users\vorte\.m2\repository\jakarta\transaction\jakarta.transaction-api\2.0.1\jakarta.transaction-api-2.0.1.jar;C:\Users\vorte\.m2\repository\org\jboss\logging\jboss-logging\3.5.1.Final\jboss-logging-3.5.1.Final.jar;C:\Users\vorte\.m2\repository\org\hibernate\common\hibernate-commons-annotations\6.0.6.Final\hibernate-commons-annotations-6.0.6.Final.jar;C:\Users\vorte\.m2\repository\io\smallrye\jandex\3.0.5\jandex-3.0.5.jar;C:\Users\vorte\.m2\repository\com\fasterxml\classmate\1.5.1\classmate-1.5.1.jar;C:\Users\vorte\.m2\repository\net\bytebuddy\byte-buddy\1.14.5\byte-buddy-1.14.5.jar;C:\Users\vorte\.m2\repository\org\glassfish\jaxb\jaxb-runtime\4.0.3\jaxb-runtime-4.0.3.jar;C:\Users\vorte\.m2\repository\org\glassfish\jaxb\jaxb-core\4.0.3\jaxb-core-4.0.3.jar;C:\Users\vorte\.m2\repository\org\eclipse\angus\angus-activation\2.0.1\angus-activation-2.0.1.jar;C:\Users\vorte\.m2\repository\org\glassfish\jaxb\txw2\4.0.3\txw2-4.0.3.jar;C:\Users\vorte\.m2\repository\com\sun\istack\istack-commons-runtime\4.1.2\istack-commons-runtime-4.1.2.jar;C:\Users\vorte\.m2\repository\jakarta\inject\jakarta.inject-api\2.0.1\jakarta.inject-api-2.0.1.jar;C:\Users\vorte\.m2\repository\org\antlr\antlr4-runtime\4.10.1\antlr4-runtime-4.10.1.jar;C:\Users\vorte\.m2\repository\org\springframework\data\spring-data-jpa\3.1.1\spring-data-jpa-3.1.1.jar;C:\Users\vorte\.m2\repository\org\springframework\data\spring-data-commons\3.1.1\spring-data-commons-3.1.1.jar;C:\Users\vorte\.m2\repository\org\springframework\spring-orm\6.0.10\spring-orm-6.0.10.jar;C:\Users\vorte\.m2\repository\org\springframework\spring-context\6.0.10\spring-context-6.0.10.jar;C:\Users\vorte\.m2\repository\org\springframework\spring-tx\6.0.10\spring-tx-6.0.10.jar;C:\Users\vorte\.m2\repository\org\springframework\spring-beans\6.0.10\spring-beans-6.0.10.jar;C:\Users\vorte\.m2\repository\jakarta\annotation\jakarta.annotation-api\2.1.1\jakarta.annotation-api-2.1.1.jar;C:\Users\vorte\.m2\repository\org\slf4j\slf4j-api\2.0.7\slf4j-api-2.0.7.jar;C:\Users\vorte\.m2\repository\org\springframework\spring-aspects\6.0.10\spring-aspects-6.0.10.jar;C:\Users\vorte\.m2\repository\org\springframework\boot\spring-boot-starter-web\3.1.1\spring-boot-starter-web-3.1.1.jar;C:\Users\vorte\.m2\repository\org\springframework\boot\spring-boot-starter\3.1.1\spring-boot-starter-3.1.1.jar;C:\Users\vorte\.m2\repository\org\springframework\boot\spring-boot\3.1.1\spring-boot-3.1.1.jar;C:\Users\vorte\.m2\repository\org\springframework\boot\spring-boot-autoconfigure\3.1.1\spring-boot-autoconfigure-3.1.1.jar;C:\Users\vorte\.m2\repository\org\springframework\boot\spring-boot-starter-logging\3.1.1\spring-boot-starter-logging-3.1.1.jar;C:\Users\vorte\.m2\repository\ch\qos\logback\logback-classic\1.4.8\logback-classic-1.4.8.jar;C:\Users\vorte\.m2\repository\ch\qos\logback\logback-core\1.4.8\logback-core-1.4.8.jar;C:\Users\vorte\.m2\repository\org\apache\logging\log4j\log4j-to-slf4j\2.20.0\log4j-to-slf4j-2.20.0.jar;C:\Users\vorte\.m2\repository\org\apache\logging\log4j\log4j-api\2.20.0\log4j-api-2.20.0.jar;C:\Users\vorte\.m2\repository\org\slf4j\jul-to-slf4j\2.0.7\jul-to-slf4j-2.0.7.jar;C:\Users\vorte\.m2\repository\org\yaml\snakeyaml\1.33\snakeyaml-1.33.jar;C:\Users\vorte\.m2\repository\org\springframework\boot\spring-boot-starter-json\3.1.1\spring-boot-starter-json-3.1.1.jar;C:\Users\vorte\.m2\repository\com\fasterxml\jackson\core\jackson-databind\2.15.2\jackson-databind-2.15.2.jar;C:\Users\vorte\.m2\repository\com\fasterxml\jackson\core\jackson-annotations\2.15.2\jackson-annotations-2.15.2.jar;C:\Users\vorte\.m2\repository\com\fasterxml\jackson\core\jackson-core\2.15.2\jackson-core-2.15.2.jar;C:\Users\vorte\.m2\repository\com\fasterxml\jackson\datatype\jackson-datatype-jdk8\2.15.2\jackson-datatype-jdk8-2.15.2.jar;C:\Users\vorte\.m2\repository\com\fasterxml\jackson\datatype\jackson-datatype-jsr310\2.15.2\jackson-datatype-jsr310-2.15.2.jar;C:\Users\vorte\.m2\repository\com\fasterxml\jackson\module\jackson-module-parameter-names\2.15.2\jackson-module-parameter-names-2.15.2.jar;C:\Users\vorte\.m2\repository\org\springframework\boot\spring-boot-starter-tomcat\3.1.1\spring-boot-starter-tomcat-3.1.1.jar;C:\Users\vorte\.m2\repository\org\apache\tomcat\embed\tomcat-embed-core\10.1.10\tomcat-embed-core-10.1.10.jar;C:\Users\vorte\.m2\repository\org\apache\tomcat\embed\tomcat-embed-el\10.1.10\tomcat-embed-el-10.1.10.jar;C:\Users\vorte\.m2\repository\org\apache\tomcat\embed\tomcat-embed-websocket\10.1.10\tomcat-embed-websocket-10.1.10.jar;C:\Users\vorte\.m2\repository\org\springframework\spring-web\6.0.10\spring-web-6.0.10.jar;C:\Users\vorte\.m2\repository\io\micrometer\micrometer-observation\1.11.1\micrometer-observation-1.11.1.jar;C:\Users\vorte\.m2\repository\io\micrometer\micrometer-commons\1.11.1\micrometer-commons-1.11.1.jar;C:\Users\vorte\.m2\repository\org\springframework\spring-webmvc\6.0.10\spring-webmvc-6.0.10.jar;C:\Users\vorte\.m2\repository\org\springframework\spring-expression\6.0.10\spring-expression-6.0.10.jar;C:\Users\vorte\.m2\repository\com\mysql\mysql-connector-j\8.0.33\mysql-connector-j-8.0.33.jar;C:\Users\vorte\.m2\repository\jakarta\xml\bind\jakarta.xml.bind-api\4.0.0\jakarta.xml.bind-api-4.0.0.jar;C:\Users\vorte\.m2\repository\jakarta\activation\jakarta.activation-api\2.1.2\jakarta.activation-api-2.1.2.jar;C:\Users\vorte\.m2\repository\org\springframework\spring-core\6.0.10\spring-core-6.0.10.jar;C:\Users\vorte\.m2\repository\org\springframework\spring-jcl\6.0.10\spring-jcl-6.0.10.jar
Launcher Type: SUN_STANDARD

[Global flags]
     intx CICompilerCount                          = 3                                         {product} {ergonomic}
     uint ConcGCThreads                            = 1                                         {product} {ergonomic}
     uint G1ConcRefinementThreads                  = 4                                         {product} {ergonomic}
   size_t G1HeapRegionSize                         = 1048576                                   {product} {ergonomic}
    uintx GCDrainStackTargetSize                   = 64                                        {product} {ergonomic}
   size_t InitialHeapSize                          = 134217728                                 {product} {ergonomic}
     bool ManagementServer                         = true                                      {product} {command line}
   size_t MarkStackSize                            = 4194304                                   {product} {ergonomic}
   size_t MaxHeapSize                              = 2136997888                                {product} {ergonomic}
   size_t MaxNewSize                               = 1281359872                                {product} {ergonomic}
   size_t MinHeapDeltaBytes                        = 1048576                                   {product} {ergonomic}
   size_t MinHeapSize                              = 8388608                                   {product} {ergonomic}
    uintx NonProfiledCodeHeapSize                  = 0                                      {pd product} {ergonomic}
     bool ProfileInterpreter                       = false                                  {pd product} {command line}
    uintx ProfiledCodeHeapSize                     = 0                                      {pd product} {ergonomic}
   size_t SoftMaxHeapSize                          = 2136997888                             {manageable} {ergonomic}
     intx TieredStopAtLevel                        = 1                                         {product} {command line}
     bool UseCompressedClassPointers               = true                           {product lp64_product} {ergonomic}
     bool UseCompressedOops                        = true                           {product lp64_product} {ergonomic}
     bool UseG1GC                                  = true                                      {product} {ergonomic}
     bool UseLargePagesIndividualAllocation        = false                                  {pd product} {ergonomic}

Logging:
Log output configuration:
 #0: stdout all=warning uptime,level,tags foldmultilines=false
 #1: stderr all=off uptime,level,tags foldmultilines=false

Environment Variables:
PATH=C:\Program Files (x86)\Razer\ChromaBroadcast\bin;C:\Program Files\Razer\ChromaBroadcast\bin;C:\Program Files (x86)\Common Files\Oracle\Java\javapath;C:\Windows\system32;C:\Windows;C:\Windows\System32\Wbem;C:\Windows\System32\WindowsPowerShell\v1.0\;C:\WINDOWS\system32;C:\WINDOWS;C:\WINDOWS\System32\Wbem;C:\WINDOWS\System32\WindowsPowerShell\v1.0\;C:\WINDOWS\System32\OpenSSH\;C:\Program Files\NVIDIA Corporation\NVIDIA NvDLISR;C:\Users\vorte\AppData\Local\Microsoft\WindowsApps;C:\WINDOWS\system32;C:\WINDOWS;C:\WINDOWS\System32\Wbem;C:\WINDOWS\System32\WindowsPowerShell\v1.0\;C:\WINDOWS\System32\OpenSSH\;V:\Programs\MEGA-X;C:\ProgramData\chocolatey\bin;C:\migwin\bin;C:\Program Files (x86)\NVIDIA Corporation\PhysX\Common;C:\Program Files\dotnet\;C:\Program Files\nodejs\;V:\Programs\Git\cmd;C:\Program Files\MySQL\MySQL Shell 8.0\bin\;C:\Users\vorte\AppData\Local\Programs\Python\Python310\Scripts\;C:\Users\vorte\AppData\Local\Programs\Python\Python310\;C:\Users\vorte\.cargo\bin;C:\Users\vorte\AppData\Local\Microsoft\WindowsApps;C:\Users\vorte\AppData\Local\Programs\Microsoft VS Code\bin;C:\Users\vorte\AppData\Roaming\npm
USERNAME=vorte
OS=Windows_NT
PROCESSOR_IDENTIFIER=Intel64 Family 6 Model 58 Stepping 9, GenuineIntel
TMP=C:\Users\vorte\AppData\Local\Temp
TEMP=C:\Users\vorte\AppData\Local\Temp




---------------  S Y S T E M  ---------------

OS:
 Windows 10 , 64 bit Build 19041 (10.0.19041.1503)
OS uptime: 0 days 19:39 hours

CPU: total 4 (initial active 4) (4 cores per cpu, 1 threads per core) family 6 model 58 stepping 9 microcode 0x21, cx8, cmov, fxsr, mmx, sse, sse2, sse3, ssse3, sse4.1, sse4.2, popcnt, tsc, tscinvbit, avx, aes, erms, clmul, vzeroupper, clflush, rdtscp, f16c

Memory: 4k page, system-wide physical 8147M (365M free)
TotalPageFile size 15147M (AvailPageFile size 3M)
current process WorkingSet (physical memory assigned to process): 64M, peak: 64M
current process commit charge ("private bytes"): 209M, peak: 209M

vm_info: OpenJDK 64-Bit Server VM (20.0.1+9-29) for windows-amd64 JRE (20.0.1+9-29), built on 2023-03-07T13:56:11Z by "mach5one" with MS VC++ 17.1 (VS2022)

END.
